<?xml version="1.0" encoding="UTF-8"?>
<!-- Generated by org.testng.reporters.JUnitReportReporter -->
<testsuite hostname="Girishs-MacBook-Pro.local" failures="0" tests="1" name="script.InvalidLogin" time="9.658" errors="0" timestamp="2022-12-22T12:58:47 IST" skipped="0">
  <testcase classname="script.InvalidLogin" name="testInvalidLogin" time="9.658"/>
  <system-out/>
</testsuite> <!-- script.InvalidLogin -->
